--------------------------------------------------------------------------------
Translator Name    : Spatial InterOp Connect ( Version : 25 0 2)
System Name        : Linux
Machine Name       : MacBuntu
User Name          : tds3
Source System      : ACIS
Destination System : IGES
Input File         : /tmp/file6LcGgN_SPAIop_1_Doc.sab
Output File        : /home/tds3/gpde/code/dealii/sandbox/laplace_on_surface/sphere.iges
Start Time         : Tue Jun 28 11:53:04 2016

--------------------------------------------------------------------------------
Message : === Translation Options ===
Message : TrimCurveWritePreference : 5
Message : TranslateFreeCurves : true
Message : Representation : BRep+Assembly
Message : Healing : 0
Message : AuthorName : Cubit 16.0.3
Message : ===========================
-------------------------Source File Header Information-------------------------
Modification Date        : 28 Jun 2016
File Name                : file6LcGgN_SPAIop_1_Doc.sab
Organization             : Cubit 16.0.3
Version                  : 2500
Units                    : MILLIMETER
Tolerance                : 0.000001
Document Type            : Part
Format Type              : ACIS
--------------------------------------------------------------------------------
--------------------------------------------------------------------------------
Source Document Preprocessing Result : Success
--------------------------------------------------------------------------------
--------------------------------------------------------------------------------
Target Document Preprocessing Result : Success
--------------------------------------------------------------------------------
--------------------------------------------------------------------------------
Start BRep
--------------------------------------------------------------------------------
--------------------------------------------------------------------------------
BRep Source Representation Preprocessing Result : Success
--------------------------------------------------------------------------------
--------------------------------------------------------------------------------
BRep Source Representation Postprocessing Result : Success
--------------------------------------------------------------------------------
--------------------------------------------------------------------------------
BRep Target Representation Postprocessing Result : Success
--------------------------------------------------------------------------------
--------------------------------------------------------------------------------
End BRep
------------------------Representation Conversion Summary-----------------------
No. of Acorn Bodies                       :    0
No. of Solid Bodies                       :    0
No. of Wire Bodies                        :    0
No. of Sheet Bodies                       :    2
--------------------------------------------------------------------------------
BRep Conversion Result : Success
--------------------------------------------------------------------------------
--------------------------------------------------------------------------------
Start DocumentFeature
--------------------------------------------------------------------------------
--------------------------------------------------------------------------------
DocumentFeature Source Representation Preprocessing Result : No Entity to Translate
--------------------------------------------------------------------------------
--------------------------------------------------------------------------------
DocumentFeature Source Representation Postprocessing Result : Success
--------------------------------------------------------------------------------
--------------------------------------------------------------------------------
DocumentFeature Target Representation Postprocessing Result : Success
--------------------------------------------------------------------------------
--------------------------------------------------------------------------------
End DocumentFeature
------------------------Representation Conversion Summary-----------------------
No. of Groups                             :    0
--------------------------------------------------------------------------------
DocumentFeature Conversion Result : No Entity to Translate
--------------------------------------------------------------------------------
--------------------------------------------------------------------------------
Target Document Postprocessing Result : Success
--------------------------------------------------------------------------------
--------------------------------------------------------------------------------
Target Document Postprocessing Result : Success
--------------------------------------------------------------------------------
--------------------------------------------------------------------------------
---------------------------Document Conversion Summary--------------------------
No. of Items of DocumentFeature Representation :    0
No. of Items of BRep Representation            :    2
--------------------------------------------------------------------------------
Output File "/home/tds3/gpde/code/dealii/sandbox/laplace_on_surface/sphere.iges" is Successfully Written
--------------------------------------------------------------------------------
Finish Time : Tue Jun 28 11:53:05 2016

--------------------------------------------------------------------------------
Translation Result : Success
--------------------------------------------------------------------------------
--------------------------------------------------------------------------------
